android/willdele/app/build/intermediates/manifest_merge_blame_file/debug/manifest-merger-blame-debug-report.txt
1<?xml version="1.0" encoding="utf-8"?>
2<manifest xmlns:android="http://schemas.android.com/apk/res/android"
3    package="com.e.temp001"
4    android:versionCode="1"
5    android:versionName="1.0" >
6
7    <uses-sdk
8        android:minSdkVersion="29"
8-->src/main/AndroidManifest.xml
9        android:targetSdkVersion="29" />
9-->src/main/AndroidManifest.xml
10
11    <uses-permission android:name="android.permission.INTERNET" />
11-->src/main/AndroidManifest.xml:5:5-66
11-->src/main/AndroidManifest.xml:5:22-64
12    <uses-permission android:name="android.permission.WRITE_EXTERNAL_STORAGE" />
12-->src/main/AndroidManifest.xml:6:5-81
12-->src/main/AndroidManifest.xml:6:22-78
13    <uses-permission android:name="android.permission.ACCESS_NETWORK_STATE" />
13-->src/main/AndroidManifest.xml:7:5-79
13-->src/main/AndroidManifest.xml:7:22-76
14    <uses-permission android:name="android.permission.INTERNET" />
14-->src/main/AndroidManifest.xml:5:5-66
14-->src/main/AndroidManifest.xml:5:22-64
15    <uses-permission android:name="android.permission.INTERNET" />
15-->src/main/AndroidManifest.xml:5:5-66
15-->src/main/AndroidManifest.xml:5:22-64
16    <uses-permission android:name="android.permission.WRITE_EXTERNAL_STORAGE" />
16-->src/main/AndroidManifest.xml:6:5-81
16-->src/main/AndroidManifest.xml:6:22-78
17    <uses-permission android:name="android.permission.READ_PHONE_STATE" />
17-->src/main/AndroidManifest.xml:14:5-75
17-->src/main/AndroidManifest.xml:14:22-72
18    <uses-permission android:name="android.permission.WRITE_EXTERNAL_STORAGE" />
18-->src/main/AndroidManifest.xml:6:5-81
18-->src/main/AndroidManifest.xml:6:22-78
19    <uses-permission android:name="android.permission.READ_EXTERNAL_STORAGE" />
19-->[com.yanzhenjie:kalle:0.1.7] AndroidManifest.xml:24:5-80
19-->[com.yanzhenjie:kalle:0.1.7] AndroidManifest.xml:24:22-77
20    <uses-permission android:name="android.permission.ACCESS_WIFI_STATE" />
20-->[com.yanzhenjie:kalle:0.1.7] AndroidManifest.xml:28:5-76
20-->[com.yanzhenjie:kalle:0.1.7] AndroidManifest.xml:28:22-73
21
22    <application
22-->src/main/AndroidManifest.xml:19:5-38:19
23        android:allowBackup="true"
23-->src/main/AndroidManifest.xml:22:9-35
24        android:appComponentFactory="androidx.core.app.CoreComponentFactory"
24-->[androidx.core:core:1.1.0] AndroidManifest.xml:24:18-86
25        android:debuggable="true"
26        android:extractNativeLibs="false"
27        android:icon="@mipmap/ic_launcher"
27-->src/main/AndroidManifest.xml:23:9-43
28        android:label="@string/app_name"
28-->src/main/AndroidManifest.xml:24:9-41
29        android:required="false"
29-->src/main/AndroidManifest.xml:21:9-33
30        android:roundIcon="@mipmap/ic_launcher_round"
30-->src/main/AndroidManifest.xml:25:9-54
31        android:supportsRtl="true"
31-->src/main/AndroidManifest.xml:26:9-35
32        android:testOnly="true"
33        android:theme="@style/AppTheme"
33-->src/main/AndroidManifest.xml:28:9-40
34        android:usesCleartextTraffic="true" >
34-->src/main/AndroidManifest.xml:27:9-44
35        android:networkSecurityConfig="@xml/network_security_config"
36        <activity android:name="com.e.temp001.MainActivity" >
36-->src/main/AndroidManifest.xml:31:9-37:20
36-->src/main/AndroidManifest.xml:31:19-47
37            <intent-filter>
37-->src/main/AndroidManifest.xml:32:13-36:29
38                <action android:name="android.intent.action.MAIN" />
38-->src/main/AndroidManifest.xml:33:17-69
38-->src/main/AndroidManifest.xml:33:25-66
39
40                <category android:name="android.intent.category.LAUNCHER" />
40-->src/main/AndroidManifest.xml:35:17-77
40-->src/main/AndroidManifest.xml:35:27-74
41            </intent-filter>
42        </activity>
43    </application>
44
45</manifest>